{"/Users/toby/MICRO/create-graphql-server-2/test/output-app/node_modules/create-graphql-server-authorization/index.js":{"path":"/Users/toby/MICRO/create-graphql-server-2/test/output-app/node_modules/create-graphql-server-authorization/index.js","s":{"1":1,"2":1},"b":{},"f":{"1":1},"fnMap":{"1":{"name":"(anonymous_1)","line":10,"loc":{"start":{"line":10,"column":18},"end":{"line":10,"column":40}}}},"statementMap":{"1":{"start":{"line":10,"column":1},"end":{"line":12,"column":2}},"2":{"start":{"line":11,"column":2},"end":{"line":11,"column":14}}},"branchMap":{}}}