TN:
SF:/Users/Toby/MICRO/create-graphql-server-authorization/dist/lib/authlog.js
FN:16,_interopRequireDefault
FN:30,authlog
FN:38,makeMessage
FN:43,debug
FN:48,error
FNF:5
FNH:5
FNDA:2,_interopRequireDefault
FNDA:36,authlog
FNDA:42,makeMessage
FNDA:14,debug
FNDA:14,error
DA:3,1
DA:6,1
DA:8,1
DA:10,1
DA:12,1
DA:14,1
DA:16,2
DA:18,1
DA:31,36
DA:32,36
DA:33,36
DA:35,36
DA:36,36
DA:38,36
DA:39,42
DA:42,36
DA:44,14
DA:45,14
DA:46,14
DA:49,14
DA:50,14
DA:51,14
LF:22
LH:22
BRDA:16,0,0,2
BRDA:16,0,1,0
BRDA:16,1,0,2
BRDA:16,1,1,2
BRDA:31,2,0,30
BRDA:31,2,1,6
BRDA:31,3,0,36
BRDA:31,3,1,30
BRDA:32,4,0,30
BRDA:32,4,1,6
BRDA:32,5,0,36
BRDA:32,5,1,30
BRDA:33,6,0,29
BRDA:33,6,1,7
BRDA:33,7,0,36
BRDA:33,7,1,29
BRDA:39,8,0,27
BRDA:39,8,1,15
BRF:18
BRH:17
end_of_record
TN:
SF:/Users/Toby/MICRO/create-graphql-server-authorization/dist/lib/checkAuthDoc.js
FN:20,_interopRequireDefault
FN:35,checkAuthDoc
FN:57,(anonymous_2)
FNF:3
FNH:3
FNDA:3,_interopRequireDefault
FNDA:11,checkAuthDoc
FNDA:5,(anonymous_2)
DA:3,1
DA:6,1
DA:8,1
DA:10,1
DA:12,1
DA:14,1
DA:16,1
DA:18,1
DA:20,3
DA:22,1
DA:36,11
DA:37,11
DA:38,11
DA:39,11
DA:40,11
DA:41,11
DA:42,11
DA:44,11
DA:47,11
DA:50,11
DA:51,1
DA:52,1
DA:56,10
DA:57,10
DA:58,5
DA:59,1
DA:62,10
DA:63,1
DA:64,1
DA:68,9
LF:30
LH:30
BRDA:20,0,0,3
BRDA:20,0,1,0
BRDA:20,1,0,3
BRDA:20,1,1,3
BRDA:36,2,0,11
BRDA:36,2,1,0
BRDA:36,3,0,11
BRDA:36,3,1,11
BRDA:37,4,0,11
BRDA:37,4,1,0
BRDA:37,5,0,11
BRDA:37,5,1,11
BRDA:38,6,0,11
BRDA:38,6,1,0
BRDA:38,7,0,11
BRDA:38,7,1,11
BRDA:39,8,0,11
BRDA:39,8,1,0
BRDA:39,9,0,11
BRDA:39,9,1,11
BRDA:42,10,0,11
BRDA:42,10,1,0
BRDA:42,11,0,11
BRDA:42,11,1,11
BRDA:50,12,0,1
BRDA:50,12,1,10
BRDA:58,13,0,1
BRDA:58,13,1,4
BRDA:58,14,0,5
BRDA:58,14,1,4
BRDA:58,14,2,3
BRDA:62,15,0,1
BRDA:62,15,1,9
BRF:33
BRH:27
end_of_record
TN:
SF:/Users/Toby/MICRO/create-graphql-server-authorization/dist/lib/fieldContainsUserId.js
FN:12,_interopRequireDefault
FN:21,extractUserId
FN:24,(anonymous_2)
FN:34,fieldContainsUserId
FN:51,(anonymous_4)
FN:63,(anonymous_5)
FNF:6
FNH:6
FNDA:1,_interopRequireDefault
FNDA:65,extractUserId
FNDA:8,(anonymous_2)
FNDA:73,fieldContainsUserId
FNDA:10,(anonymous_4)
FNDA:27,(anonymous_5)
DA:3,1
DA:6,1
DA:8,1
DA:10,1
DA:12,1
DA:22,65
DA:23,65
DA:24,8
DA:25,8
DA:28,57
DA:30,65
DA:35,73
DA:38,73
DA:41,68
DA:44,65
DA:47,65
DA:50,65
DA:51,4
DA:52,10
DA:53,4
DA:56,4
DA:57,0
DA:61,61
DA:63,23
DA:64,27
DA:65,11
DA:68,23
DA:69,12
DA:73,38
DA:74,10
DA:77,28
LF:31
LH:30
BRDA:12,0,0,0
BRDA:12,0,1,1
BRDA:12,1,0,1
BRDA:12,1,1,1
BRDA:23,2,0,8
BRDA:23,2,1,57
BRDA:38,3,0,5
BRDA:38,3,1,68
BRDA:38,4,0,73
BRDA:38,4,1,71
BRDA:38,4,2,71
BRDA:41,5,0,3
BRDA:41,5,1,65
BRDA:41,6,0,68
BRDA:41,6,1,65
BRDA:41,6,2,65
BRDA:47,7,0,0
BRDA:47,7,1,65
BRDA:47,8,0,65
BRDA:47,8,1,65
BRDA:50,9,0,4
BRDA:50,9,1,61
BRDA:52,10,0,4
BRDA:52,10,1,6
BRDA:56,11,0,4
BRDA:56,11,1,0
BRDA:61,12,0,23
BRDA:61,12,1,38
BRDA:64,13,0,11
BRDA:64,13,1,16
BRDA:64,14,0,27
BRDA:64,14,1,16
BRDA:68,15,0,11
BRDA:68,15,1,12
BRDA:73,16,0,10
BRDA:73,16,1,28
BRF:36
BRH:33
end_of_record
TN:
SF:/Users/Toby/MICRO/create-graphql-server-authorization/dist/lib/findByIds.js
FN:7,(anonymous_0)
FN:19,findByIds
FN:25,(anonymous_2)
FN:27,(anonymous_3)
FN:30,(anonymous_4)
FNF:5
FNH:4
FNDA:0,(anonymous_0)
FNDA:4,findByIds
FNDA:4,(anonymous_2)
FNDA:2,(anonymous_3)
FNDA:4,(anonymous_4)
DA:3,1
DA:7,1
DA:9,1
DA:20,4
DA:21,4
DA:23,4
DA:24,4
DA:25,4
DA:26,4
DA:27,4
DA:28,2
DA:30,4
DA:31,4
LF:13
LH:13
BRDA:7,0,0,1
BRDA:7,0,1,0
BRDA:7,1,0,0
BRDA:7,1,1,0
BRDA:20,2,0,4
BRDA:20,2,1,0
BRDA:20,3,0,4
BRDA:20,3,1,4
BRF:8
BRH:4
end_of_record
TN:
SF:/Users/Toby/MICRO/create-graphql-server-authorization/dist/lib/getLogFilename.js
FN:12,_interopRequireDefault
FN:22,getLogFilename
FNF:2
FNH:2
FNDA:1,_interopRequireDefault
FNDA:39,getLogFilename
DA:3,1
DA:6,1
DA:8,1
DA:10,1
DA:12,1
DA:14,1
DA:23,39
DA:24,39
DA:25,39
DA:26,39
LF:10
LH:10
BRDA:12,0,0,0
BRDA:12,0,1,1
BRDA:12,1,0,1
BRDA:12,1,1,1
BRF:4
BRH:3
end_of_record
TN:
SF:/Users/Toby/MICRO/create-graphql-server-authorization/dist/lib/loggedIn.js
FN:13,loggedIn
FNF:1
FNH:1
FNDA:9,loggedIn
DA:3,1
DA:6,1
DA:14,9
DA:15,5
DA:17,4
LF:5
LH:5
BRDA:14,0,0,5
BRDA:14,0,1,4
BRDA:14,1,0,9
BRDA:14,1,1,9
BRDA:14,1,2,5
BRF:5
BRH:5
end_of_record
TN:
SF:/Users/Toby/MICRO/create-graphql-server-authorization/dist/lib/logger.js
FN:12,_interopRequireDefault
FN:23,timestamp
FN:28,formatter
FN:33,logger
FN:63,write
FNF:5
FNH:4
FNDA:1,_interopRequireDefault
FNDA:112,timestamp
FNDA:56,formatter
FNDA:37,logger
FNDA:0,write
DA:3,1
DA:6,1
DA:8,1
DA:10,1
DA:12,1
DA:20,1
DA:23,1
DA:24,112
DA:28,1
DA:29,56
DA:33,1
DA:34,37
DA:58,1
DA:62,1
DA:64,0
LF:15
LH:14
BRDA:12,0,0,0
BRDA:12,0,1,1
BRDA:12,1,0,1
BRDA:12,1,1,1
BRDA:29,2,0,28
BRDA:29,2,1,28
BRDA:29,3,0,56
BRDA:29,3,1,0
BRDA:29,4,0,0
BRDA:29,4,1,56
BRDA:29,5,0,56
BRDA:29,5,1,56
BRF:12
BRH:9
end_of_record
TN:
SF:/Users/Toby/MICRO/create-graphql-server-authorization/dist/lib/protectFields.js
FN:17,protectFields
FN:33,(anonymous_1)
FNF:2
FNH:2
FNDA:6,protectFields
FNDA:12,(anonymous_1)
DA:3,1
DA:6,1
DA:18,6
DA:19,6
DA:20,6
DA:21,6
DA:22,6
DA:23,6
DA:26,6
DA:29,6
DA:32,6
DA:33,4
DA:34,12
DA:38,6
LF:14
LH:14
BRDA:18,0,0,6
BRDA:18,0,1,0
BRDA:18,1,0,6
BRDA:18,1,1,6
BRDA:19,2,0,6
BRDA:19,2,1,0
BRDA:19,3,0,6
BRDA:19,3,1,6
BRDA:20,4,0,6
BRDA:20,4,1,0
BRDA:20,5,0,6
BRDA:20,5,1,6
BRDA:21,6,0,6
BRDA:21,6,1,0
BRDA:21,7,0,6
BRDA:21,7,1,6
BRDA:32,8,0,4
BRDA:32,8,1,2
BRDA:34,9,0,12
BRDA:34,9,1,0
BRF:20
BRH:15
end_of_record
TN:
SF:/Users/Toby/MICRO/create-graphql-server-authorization/dist/lib/queryForRoles.js
FN:24,_interopRequireDefault
FN:26,_defineProperty
FN:45,queryForRoles
FN:78,(anonymous_3)
FNF:4
FNH:4
FNDA:4,_interopRequireDefault
FNDA:4,_defineProperty
FNDA:11,queryForRoles
FNDA:4,(anonymous_3)
DA:3,1
DA:6,1
DA:8,1
DA:10,1
DA:12,1
DA:14,1
DA:16,1
DA:18,1
DA:20,1
DA:22,1
DA:24,4
DA:26,4
DA:28,1
DA:29,1
DA:46,11
DA:47,11
DA:48,11
DA:50,11
DA:51,11
DA:53,11
DA:56,11
DA:59,11
DA:62,11
DA:63,4
DA:67,7
DA:69,7
DA:78,4
DA:79,4
DA:83,4
DA:85,3
DA:87,3
DA:92,4
DA:93,4
LF:33
LH:33
BRDA:24,0,0,4
BRDA:24,0,1,0
BRDA:24,1,0,4
BRDA:24,1,1,4
BRDA:26,2,0,0
BRDA:26,2,1,4
BRDA:46,3,0,11
BRDA:46,3,1,0
BRDA:46,4,0,11
BRDA:46,4,1,11
BRDA:47,5,0,11
BRDA:47,5,1,0
BRDA:47,6,0,11
BRDA:47,6,1,11
BRDA:48,7,0,11
BRDA:48,7,1,0
BRDA:48,8,0,11
BRDA:48,8,1,11
BRDA:50,9,0,11
BRDA:50,9,1,0
BRDA:50,10,0,11
BRDA:50,10,1,11
BRDA:53,11,0,11
BRDA:53,11,1,0
BRDA:53,12,0,11
BRDA:53,12,1,11
BRDA:56,13,0,0
BRDA:56,13,1,11
BRDA:56,14,0,11
BRDA:56,14,1,11
BRDA:56,14,2,11
BRDA:56,14,3,11
BRDA:56,14,4,0
BRDA:62,15,0,4
BRDA:62,15,1,7
BRDA:69,16,0,4
BRDA:69,16,1,3
BRDA:83,17,0,3
BRDA:83,17,1,1
BRDA:85,18,0,2
BRDA:85,18,1,1
BRF:41
BRH:32
end_of_record
TN:
SF:/Users/Toby/MICRO/create-graphql-server-authorization/dist/lib/userRoleAuthorized.js
FN:16,_interopRequireDefault
FN:31,userRoleAuthorized
FNF:2
FNH:2
FNDA:2,_interopRequireDefault
FNDA:28,userRoleAuthorized
DA:3,1
DA:6,1
DA:8,1
DA:10,1
DA:12,1
DA:14,1
DA:16,2
DA:18,1
DA:19,1
DA:32,28
DA:33,28
DA:35,28
DA:36,28
DA:38,28
DA:41,28
DA:44,28
DA:47,28
DA:54,7
DA:55,7
DA:59,21
LF:20
LH:20
BRDA:16,0,0,2
BRDA:16,0,1,0
BRDA:16,1,0,2
BRDA:16,1,1,2
BRDA:32,2,0,27
BRDA:32,2,1,1
BRDA:32,3,0,28
BRDA:32,3,1,27
BRDA:33,4,0,27
BRDA:33,4,1,1
BRDA:33,5,0,28
BRDA:33,5,1,27
BRDA:35,6,0,27
BRDA:35,6,1,1
BRDA:35,7,0,28
BRDA:35,7,1,27
BRDA:38,8,0,27
BRDA:38,8,1,1
BRDA:38,9,0,28
BRDA:38,9,1,27
BRDA:41,10,0,0
BRDA:41,10,1,28
BRDA:41,11,0,28
BRDA:41,11,1,28
BRDA:41,11,2,28
BRDA:41,11,3,28
BRDA:47,12,0,7
BRDA:47,12,1,21
BRDA:49,13,0,28
BRDA:49,13,1,28
BRDA:49,13,2,18
BRDA:49,13,3,18
BRDA:49,13,4,10
BRDA:54,14,0,7
BRDA:54,14,1,0
BRF:35
BRH:32
end_of_record
