TN:
SF:/Users/Toby/MICRO/create-graphql-server-authorization/src/__tests__/authlog-test.js
FN:11,_interopRequireDefault
FN:22,(anonymous_2)
FN:23,(anonymous_3)
FN:29,(anonymous_4)
FN:37,(anonymous_5)
FN:42,testFunction
FN:50,(anonymous_7)
FN:59,testFunction
FN:67,(anonymous_9)
FN:72,testFunction
FNF:10
FNH:10
FNDA:1,_interopRequireDefault
FNDA:1,(anonymous_2)
FNDA:1,(anonymous_3)
FNDA:1,(anonymous_4)
FNDA:1,(anonymous_5)
FNDA:1,testFunction
FNDA:1,(anonymous_7)
FNDA:1,testFunction
FNDA:1,(anonymous_9)
FNDA:1,testFunction
DA:0,1
DA:2,1
DA:4,1
DA:5,1
DA:8,1
DA:10,1
DA:11,1
DA:13,1
DA:15,1
DA:16,1
DA:17,1
DA:18,1
DA:19,1
DA:22,1
DA:23,1
DA:24,1
DA:25,1
DA:26,1
DA:27,1
DA:30,1
DA:31,1
DA:32,1
DA:34,1
DA:35,1
DA:36,1
DA:37,1
DA:39,1
DA:40,1
DA:45,1
DA:46,1
DA:50,1
DA:51,1
DA:53,1
DA:54,1
DA:55,1
DA:56,1
DA:58,1
DA:59,1
DA:64,1
DA:65,1
DA:66,1
DA:67,1
DA:69,1
DA:70,1
DA:72,1
LF:45
LH:45
BRDA:11,1,0,0
BRDA:11,1,1,1
BRDA:11,2,0,1
BRDA:11,2,1,1
BRF:4
BRH:4
end_of_record
TN:
SF:/Users/Toby/MICRO/create-graphql-server-authorization/src/lib/authlog.js
FN:22,authlog
FN:30,makeMessage
FN:35,debug
FN:40,error
FNF:4
FNH:4
FNDA:34,authlog
FNDA:42,makeMessage
FNDA:14,debug
FNDA:14,error
DA:0,1
DA:1,1
DA:2,1
DA:14,34
DA:15,34
DA:16,34
DA:18,42
DA:23,34
DA:25,14
DA:26,14
DA:27,14
DA:30,14
DA:31,14
DA:32,14
LF:14
LH:14
BRDA:23,1,0,30
BRDA:23,1,1,4
BRDA:23,2,0,34
BRDA:23,2,1,30
BRDA:24,3,0,30
BRDA:24,3,1,4
BRDA:24,4,0,34
BRDA:24,4,1,30
BRDA:25,5,0,29
BRDA:25,5,1,5
BRDA:25,6,0,34
BRDA:25,6,1,29
BRDA:31,7,0,26
BRDA:31,7,1,16
BRF:14
BRH:14
end_of_record
TN:
SF:/Users/Toby/MICRO/create-graphql-server-authorization/src/lib/logger.js
FN:12,_interopRequireDefault
FN:23,timestamp
FN:28,formatter
FN:33,logger
FNF:4
FNH:4
FNDA:1,_interopRequireDefault
FNDA:112,timestamp
FNDA:56,formatter
FNDA:35,logger
DA:0,1
DA:1,1
DA:9,1
DA:12,1
DA:13,112
DA:17,1
DA:18,56
DA:31,1
DA:32,35
LF:9
LH:9
BRDA:12,1,0,0
BRDA:12,1,1,1
BRDA:12,2,0,1
BRDA:12,2,1,1
BRDA:29,3,0,28
BRDA:29,3,1,28
BRDA:29,4,0,56
BRDA:29,4,1,0
BRDA:29,5,0,0
BRDA:29,5,1,56
BRDA:29,6,0,56
BRDA:29,6,1,56
BRF:12
BRH:10
end_of_record
TN:
SF:/Users/Toby/MICRO/create-graphql-server-authorization/src/lib/getLogFilename.js
FN:12,_interopRequireDefault
FN:21,getLogFilename
FNF:2
FNH:2
FNDA:1,_interopRequireDefault
FNDA:37,getLogFilename
DA:0,1
DA:1,1
DA:3,1
DA:10,1
DA:11,37
DA:12,37
DA:13,37
DA:14,37
LF:8
LH:8
BRDA:12,1,0,0
BRDA:12,1,1,1
BRDA:12,2,0,1
BRDA:12,2,1,1
BRF:4
BRH:4
end_of_record
TN:
SF:/Users/Toby/MICRO/create-graphql-server-authorization/src/__tests__/checkAuthDoc-test.js
FN:30,(anonymous_1)
FN:31,(anonymous_2)
FN:37,testFunction
FN:44,(anonymous_4)
FN:50,testFunction
FN:57,(anonymous_6)
FN:63,testFunction
FN:70,(anonymous_8)
FN:79,testFunction
FN:86,(anonymous_10)
FN:96,testFunction
FN:103,(anonymous_12)
FN:113,testFunction
FN:120,(anonymous_14)
FN:130,testFunction
FN:140,(anonymous_16)
FN:150,testFunction
FN:157,(anonymous_18)
FN:167,testFunction
FN:174,(anonymous_20)
FN:184,testFunction
FN:191,(anonymous_22)
FN:201,testFunction
FNF:23
FNH:23
FNDA:1,(anonymous_1)
FNDA:1,(anonymous_2)
FNDA:1,testFunction
FNDA:1,(anonymous_4)
FNDA:1,testFunction
FNDA:1,(anonymous_6)
FNDA:1,testFunction
FNDA:1,(anonymous_8)
FNDA:1,testFunction
FNDA:1,(anonymous_10)
FNDA:1,testFunction
FNDA:1,(anonymous_12)
FNDA:1,testFunction
FNDA:1,(anonymous_14)
FNDA:1,testFunction
FNDA:1,(anonymous_16)
FNDA:1,testFunction
FNDA:1,(anonymous_18)
FNDA:1,testFunction
FNDA:1,(anonymous_20)
FNDA:1,testFunction
FNDA:1,(anonymous_22)
FNDA:1,testFunction
DA:0,1
DA:2,1
DA:3,1
DA:4,1
DA:7,1
DA:10,1
DA:12,1
DA:13,1
DA:14,1
DA:21,1
DA:26,1
DA:27,1
DA:28,1
DA:29,1
DA:30,1
DA:32,1
DA:33,1
DA:34,1
DA:42,0
DA:44,1
DA:47,1
DA:48,1
DA:49,1
DA:50,1
DA:52,1
DA:53,1
DA:54,1
DA:62,0
DA:64,1
DA:67,1
DA:68,1
DA:69,1
DA:70,1
DA:72,1
DA:73,1
DA:74,1
DA:82,0
DA:84,1
DA:87,1
DA:88,1
DA:89,1
DA:90,1
DA:95,1
DA:96,1
DA:97,1
DA:105,0
DA:107,1
DA:110,1
DA:111,1
DA:112,1
DA:113,1
DA:119,1
DA:120,1
DA:121,1
DA:129,0
DA:131,1
DA:134,1
DA:135,1
DA:136,1
DA:137,1
DA:143,1
DA:144,1
DA:145,1
DA:153,0
DA:155,1
DA:158,1
DA:159,1
DA:160,1
DA:161,1
DA:167,1
DA:168,1
DA:169,1
DA:177,1
DA:179,1
DA:180,1
DA:181,1
DA:182,1
DA:185,1
DA:186,1
DA:187,1
DA:188,1
DA:194,1
DA:195,1
DA:196,1
DA:204,0
DA:206,1
DA:209,1
DA:210,1
DA:211,1
DA:212,1
DA:218,1
DA:219,1
DA:220,1
DA:228,0
DA:230,1
DA:233,1
DA:234,1
DA:235,1
DA:236,1
DA:242,1
DA:243,1
DA:244,1
DA:252,0
DA:254,1
DA:257,1
DA:258,1
DA:259,1
DA:260,1
DA:266,1
DA:267,1
DA:268,1
DA:276,1
DA:278,1
DA:279,1
DA:280,1
DA:281,1
LF:116
LH:107
BRF:0
BRH:0
end_of_record
TN:
SF:/Users/Toby/MICRO/create-graphql-server-authorization/src/lib/checkAuthDoc.js
FN:27,checkAuthDoc
FN:49,(anonymous_2)
FNF:2
FNH:2
FNDA:11,checkAuthDoc
FNDA:5,(anonymous_2)
DA:0,1
DA:1,1
DA:2,1
DA:3,1
DA:5,1
DA:18,1
DA:25,11
DA:26,11
DA:29,11
DA:32,11
DA:33,1
DA:34,1
DA:38,10
DA:39,10
DA:40,5
DA:45,1
DA:48,10
DA:49,1
DA:50,1
DA:54,9
LF:20
LH:20
BRDA:28,1,0,11
BRDA:28,1,1,0
BRDA:28,2,0,11
BRDA:28,2,1,11
BRDA:29,3,0,11
BRDA:29,3,1,0
BRDA:29,4,0,11
BRDA:29,4,1,11
BRDA:30,5,0,11
BRDA:30,5,1,0
BRDA:30,6,0,11
BRDA:30,6,1,11
BRDA:31,7,0,11
BRDA:31,7,1,0
BRDA:31,8,0,11
BRDA:31,8,1,11
BRDA:34,9,0,11
BRDA:34,9,1,0
BRDA:34,10,0,11
BRDA:34,10,1,11
BRDA:42,11,0,1
BRDA:42,11,1,10
BRDA:50,12,0,1
BRDA:50,12,1,4
BRDA:50,13,0,5
BRDA:50,13,1,4
BRDA:50,13,2,3
BRDA:54,14,0,1
BRDA:54,14,1,9
BRF:29
BRH:24
end_of_record
TN:
SF:/Users/Toby/MICRO/create-graphql-server-authorization/src/lib/userRoleAuthorized.js
FN:24,userRoleAuthorized
FNF:1
FNH:1
FNDA:28,userRoleAuthorized
DA:0,1
DA:1,1
DA:2,1
DA:4,1
DA:16,1
DA:21,28
DA:23,28
DA:26,28
DA:34,8
DA:35,8
DA:39,20
LF:11
LH:11
BRDA:25,1,0,27
BRDA:25,1,1,1
BRDA:25,2,0,28
BRDA:25,2,1,27
BRDA:26,3,0,27
BRDA:26,3,1,1
BRDA:26,4,0,28
BRDA:26,4,1,27
BRDA:28,5,0,27
BRDA:28,5,1,1
BRDA:28,6,0,28
BRDA:28,6,1,27
BRDA:31,7,0,27
BRDA:31,7,1,1
BRDA:31,8,0,28
BRDA:31,8,1,27
BRDA:37,9,0,8
BRDA:37,9,1,20
BRDA:39,10,0,28
BRDA:39,10,1,27
BRDA:39,10,2,18
BRDA:39,10,3,18
BRDA:39,10,4,10
BRDA:44,11,0,7
BRDA:44,11,1,1
BRF:25
BRH:25
end_of_record
TN:
SF:/Users/Toby/MICRO/create-graphql-server-authorization/src/lib/dummyUserContext.js
FN:14,authRole
FNF:1
FNH:1
FNDA:56,authRole
DA:0,1
DA:8,1
DA:10,56
LF:3
LH:3
BRDA:15,1,0,34
BRDA:15,1,1,22
BRDA:15,2,0,56
BRDA:15,2,1,56
BRF:4
BRH:4
end_of_record
TN:
SF:/Users/Toby/MICRO/create-graphql-server-authorization/src/lib/fieldContainsUserId.js
FN:12,_interopRequireDefault
FN:19,extractUserId
FN:22,(anonymous_3)
FN:38,fieldContainsUserId
FN:61,(anonymous_5)
FN:75,(anonymous_6)
FNF:6
FNH:6
FNDA:1,_interopRequireDefault
FNDA:65,extractUserId
FNDA:8,(anonymous_3)
FNDA:73,fieldContainsUserId
FNDA:10,(anonymous_5)
FNDA:27,(anonymous_6)
DA:0,1
DA:1,1
DA:8,1
DA:9,65
DA:10,65
DA:11,8
DA:12,8
DA:15,57
DA:17,65
DA:27,1
DA:28,73
DA:31,73
DA:32,5
DA:36,68
DA:41,3
DA:45,65
DA:48,65
DA:49,0
DA:53,65
DA:54,4
DA:55,10
DA:56,4
DA:59,4
DA:60,4
DA:62,0
DA:66,61
DA:68,23
DA:69,27
DA:73,11
DA:76,23
DA:77,11
DA:79,12
DA:83,38
DA:84,10
DA:87,28
LF:35
LH:33
BRDA:12,1,0,0
BRDA:12,1,1,1
BRDA:12,2,0,1
BRDA:12,2,1,1
BRDA:21,3,0,8
BRDA:21,3,1,57
BRDA:42,4,0,5
BRDA:42,4,1,68
BRDA:42,5,0,73
BRDA:42,5,1,71
BRDA:42,5,2,71
BRDA:47,6,0,3
BRDA:47,6,1,65
BRDA:47,7,0,68
BRDA:47,7,1,65
BRDA:47,7,2,65
BRDA:55,8,0,0
BRDA:55,8,1,65
BRDA:55,9,0,65
BRDA:55,9,1,65
BRDA:60,10,0,4
BRDA:60,10,1,61
BRDA:62,11,0,4
BRDA:62,11,1,6
BRDA:66,12,0,4
BRDA:66,12,1,0
BRDA:73,13,0,23
BRDA:73,13,1,38
BRDA:76,14,0,11
BRDA:76,14,1,16
BRDA:76,15,0,27
BRDA:76,15,1,16
BRDA:80,16,0,11
BRDA:80,16,1,12
BRDA:87,17,0,10
BRDA:87,17,1,28
BRF:36
BRH:34
end_of_record
TN:
SF:/Users/Toby/MICRO/create-graphql-server-authorization/src/__tests__/fieldContainsUserId-test.js
FN:9,_interopRequireDefault
FN:15,(anonymous_2)
FN:16,(anonymous_3)
FN:21,(anonymous_4)
FN:28,(anonymous_5)
FN:35,(anonymous_6)
FN:42,(anonymous_7)
FN:51,(anonymous_8)
FN:58,(anonymous_9)
FN:65,(anonymous_10)
FN:74,(anonymous_11)
FN:81,(anonymous_12)
FN:88,(anonymous_13)
FN:98,(anonymous_14)
FN:111,(anonymous_15)
FN:123,(anonymous_16)
FN:139,(anonymous_17)
FN:154,(anonymous_18)
FN:175,(anonymous_19)
FNF:19
FNH:19
FNDA:1,_interopRequireDefault
FNDA:1,(anonymous_2)
FNDA:1,(anonymous_3)
FNDA:1,(anonymous_4)
FNDA:1,(anonymous_5)
FNDA:1,(anonymous_6)
FNDA:1,(anonymous_7)
FNDA:1,(anonymous_8)
FNDA:1,(anonymous_9)
FNDA:1,(anonymous_10)
FNDA:1,(anonymous_11)
FNDA:1,(anonymous_12)
FNDA:1,(anonymous_13)
FNDA:1,(anonymous_14)
FNDA:1,(anonymous_15)
FNDA:1,(anonymous_16)
FNDA:1,(anonymous_17)
FNDA:1,(anonymous_18)
FNDA:1,(anonymous_19)
DA:0,1
DA:3,1
DA:5,1
DA:7,1
DA:9,1
DA:10,1
DA:11,1
DA:12,1
DA:15,1
DA:16,1
DA:17,1
DA:18,1
DA:19,1
DA:22,1
DA:23,1
DA:24,1
DA:25,1
DA:26,1
DA:29,1
DA:30,1
DA:31,1
DA:32,1
DA:33,1
DA:36,1
DA:37,1
DA:40,1
DA:41,1
DA:42,1
DA:45,1
DA:46,1
DA:47,1
DA:48,1
DA:49,1
DA:52,1
DA:53,1
DA:54,1
DA:55,1
DA:56,1
DA:59,1
DA:60,1
DA:61,1
DA:64,1
DA:65,1
DA:68,1
DA:69,1
DA:70,1
DA:71,1
DA:72,1
DA:75,1
DA:76,1
DA:77,1
DA:78,1
DA:79,1
DA:82,1
DA:83,1
DA:87,1
DA:88,1
DA:89,1
DA:92,1
DA:93,1
DA:104,1
DA:105,1
DA:106,1
DA:109,1
DA:110,1
DA:114,1
DA:117,1
DA:118,1
DA:121,1
DA:122,1
DA:130,1
DA:133,1
DA:134,1
DA:137,1
DA:138,1
DA:149,1
DA:152,1
DA:153,1
DA:156,1
DA:157,1
DA:174,1
DA:177,1
DA:178,1
DA:181,1
DA:182,1
DA:186,1
DA:187,1
DA:188,1
LF:88
LH:88
BRDA:9,1,0,0
BRDA:9,1,1,1
BRDA:9,2,0,1
BRDA:9,2,1,1
BRF:4
BRH:4
end_of_record
TN:
SF:/Users/Toby/MICRO/create-graphql-server-authorization/src/__tests__/findByIds-test.js
FN:17,_interopRequireDefault
FN:19,_asyncToGenerator
FN:19,(anonymous_3)
FN:19,(anonymous_4)
FN:19,step
FN:19,(anonymous_6)
FN:19,(anonymous_7)
FN:31,(anonymous_8)
FN:32,(anonymous_9)
FN:33,(anonymous_10)
FN:45,(anonymous_11)
FN:53,_callee
FN:54,_callee$
FN:71,_callee2
FN:73,_callee2$
FN:79,(anonymous_16)
FN:99,_callee3
FN:101,_callee3$
FN:109,(anonymous_19)
FN:129,_callee4
FN:130,_callee4$
FNF:21
FNH:21
FNDA:3,_interopRequireDefault
FNDA:4,_asyncToGenerator
FNDA:4,(anonymous_3)
FNDA:4,(anonymous_4)
FNDA:6,step
FNDA:2,(anonymous_6)
FNDA:0,(anonymous_7)
FNDA:1,(anonymous_8)
FNDA:1,(anonymous_9)
FNDA:1,(anonymous_10)
FNDA:1,(anonymous_11)
FNDA:1,_callee
FNDA:1,_callee$
FNDA:1,_callee2
FNDA:2,_callee2$
FNDA:1,(anonymous_16)
FNDA:1,_callee3
FNDA:2,_callee3$
FNDA:1,(anonymous_19)
FNDA:1,_callee4
FNDA:1,_callee4$
DA:0,6
DA:2,1
DA:3,1
DA:4,1
DA:6,1
DA:8,1
DA:11,1
DA:13,1
DA:15,1
DA:17,1
DA:18,1
DA:19,1
DA:20,1
DA:34,1
DA:35,1
DA:36,1
DA:37,1
DA:43,1
DA:51,2
DA:52,1
DA:53,1
DA:54,1
DA:55,1
DA:56,1
DA:60,2
DA:61,1
DA:62,1
DA:65,1
DA:66,1
DA:67,1
DA:71,1
LF:31
LH:31
BRDA:17,1,0,0
BRDA:17,1,1,3
BRDA:17,2,0,3
BRDA:17,2,1,3
BRDA:19,3,0,4
BRDA:19,3,1,2
BRDA:46,4,0,1
BRDA:46,4,1,0
BRDA:46,5,0,1
BRDA:46,5,1,1
BRDA:56,6,0,1
BRDA:56,6,1,1
BRDA:75,7,0,1
BRDA:75,7,1,1
BRDA:75,7,2,1
BRDA:75,7,3,1
BRDA:103,8,0,1
BRDA:103,8,1,1
BRDA:103,8,2,1
BRDA:103,8,3,1
BRDA:132,9,0,1
BRDA:132,9,1,1
BRF:22
BRH:21
end_of_record
TN:
SF:/Users/Toby/MICRO/create-graphql-server-authorization/src/lib/findByIds.js
FN:7,(anonymous_1)
FN:17,findByIds
FN:23,(anonymous_3)
FN:25,(anonymous_4)
FN:28,(anonymous_5)
FNF:5
FNH:5
FNDA:0,(anonymous_1)
FNDA:2,findByIds
FNDA:2,(anonymous_3)
FNDA:2,(anonymous_4)
FNDA:2,(anonymous_5)
DA:0,1
DA:8,2
DA:9,2
DA:10,2
DA:11,2
DA:12,2
DA:13,2
DA:14,2
DA:16,2
LF:9
LH:9
BRDA:7,1,0,1
BRDA:7,1,1,0
BRDA:7,2,0,0
BRDA:7,2,1,0
BRDA:18,3,0,2
BRDA:18,3,1,0
BRDA:18,4,0,2
BRDA:18,4,1,2
BRDA:19,5,0,2
BRDA:19,5,1,0
BRDA:19,6,0,2
BRDA:19,6,1,2
BRF:12
BRH:10
end_of_record
TN:
SF:/Users/Toby/MICRO/create-graphql-server-authorization/src/__tests__/getLogFilename-test.js
FN:8,(anonymous_1)
FN:9,(anonymous_2)
FNF:2
FNH:2
FNDA:1,(anonymous_1)
FNDA:1,(anonymous_2)
DA:0,1
DA:2,1
DA:6,1
DA:7,1
DA:8,1
DA:9,1
LF:6
LH:6
BRF:0
BRH:0
end_of_record
TN:
SF:/Users/Toby/MICRO/create-graphql-server-authorization/src/__tests__/index-test.js
FN:15,_interopRequireDefault
FN:22,(anonymous_2)
FN:23,(anonymous_3)
FN:25,(anonymous_4)
FNF:4
FNH:4
FNDA:3,_interopRequireDefault
FNDA:1,(anonymous_2)
FNDA:1,(anonymous_3)
FNDA:11,(anonymous_4)
DA:0,3
DA:2,1
DA:3,1
DA:4,1
DA:7,1
DA:9,1
DA:10,1
DA:11,1
DA:12,1
DA:13,11
DA:14,11
DA:15,11
DA:16,11
DA:17,11
LF:14
LH:14
BRDA:15,1,0,0
BRDA:15,1,1,3
BRDA:15,2,0,3
BRDA:15,2,1,3
BRDA:27,3,0,11
BRDA:27,3,1,0
BRF:6
BRH:5
end_of_record
TN:
SF:/Users/Toby/MICRO/create-graphql-server-authorization/src/__tests__/loggedIn-test.js
FN:9,_interopRequireDefault
FN:14,(anonymous_2)
FN:15,(anonymous_3)
FN:21,(anonymous_4)
FNF:4
FNH:4
FNDA:1,_interopRequireDefault
FNDA:1,(anonymous_2)
FNDA:1,(anonymous_3)
FNDA:1,(anonymous_4)
DA:0,1
DA:2,1
DA:4,1
DA:6,1
DA:8,1
DA:9,1
DA:10,1
DA:11,1
DA:12,1
DA:15,1
DA:16,1
DA:20,1
DA:21,1
LF:13
LH:13
BRDA:9,1,0,0
BRDA:9,1,1,1
BRDA:9,2,0,1
BRDA:9,2,1,1
BRF:4
BRH:4
end_of_record
TN:
SF:/Users/Toby/MICRO/create-graphql-server-authorization/src/lib/loggedIn.js
FN:13,loggedIn
FNF:1
FNH:1
FNDA:8,loggedIn
DA:0,1
DA:7,1
DA:8,8
DA:9,4
DA:11,4
LF:5
LH:5
BRDA:14,1,0,4
BRDA:14,1,1,4
BRDA:14,2,0,8
BRDA:14,2,1,8
BRDA:14,2,2,4
BRF:5
BRH:5
end_of_record
TN:
SF:/Users/Toby/MICRO/create-graphql-server-authorization/src/__tests__/logger-test.js
FN:12,(anonymous_1)
FN:13,(anonymous_2)
FN:18,(anonymous_3)
FNF:3
FNH:3
FNDA:1,(anonymous_1)
FNDA:1,(anonymous_2)
FNDA:1,(anonymous_3)
DA:2,1
DA:3,1
DA:5,1
DA:7,1
DA:9,1
DA:10,1
DA:11,1
DA:12,1
DA:15,1
DA:16,1
DA:17,1
LF:11
LH:11
BRF:0
BRH:0
end_of_record
TN:
SF:/Users/Toby/MICRO/create-graphql-server-authorization/src/__tests__/protectFields-test.js
FN:25,(anonymous_1)
FN:26,(anonymous_2)
FN:37,(anonymous_3)
FN:58,(anonymous_4)
FN:78,(anonymous_5)
FN:90,(anonymous_6)
FN:116,(anonymous_7)
FNF:7
FNH:7
FNDA:1,(anonymous_1)
FNDA:1,(anonymous_2)
FNDA:1,(anonymous_3)
FNDA:1,(anonymous_4)
FNDA:1,(anonymous_5)
FNDA:1,(anonymous_6)
FNDA:1,(anonymous_7)
DA:2,1
DA:3,1
DA:5,1
DA:8,1
DA:10,1
DA:26,1
DA:27,1
DA:28,1
DA:29,1
DA:30,1
DA:32,1
DA:40,1
DA:41,1
DA:44,1
DA:45,1
DA:46,1
DA:47,1
DA:48,1
DA:63,1
DA:71,1
DA:72,1
DA:75,1
DA:76,1
DA:77,1
DA:78,1
DA:79,1
DA:93,1
DA:101,1
DA:102,1
DA:105,1
DA:106,1
DA:107,1
DA:108,1
DA:119,1
DA:121,1
DA:129,1
DA:130,1
DA:133,1
DA:134,1
DA:139,1
DA:140,1
DA:141,1
DA:157,1
DA:165,1
DA:166,1
DA:169,1
DA:170,1
DA:175,1
DA:176,1
DA:177,1
DA:193,1
DA:201,1
DA:202,1
LF:53
LH:53
BRF:0
BRH:0
end_of_record
TN:
SF:/Users/Toby/MICRO/create-graphql-server-authorization/src/lib/protectFields.js
FN:19,protectFields
FN:37,(anonymous_2)
FNF:2
FNH:2
FNDA:6,protectFields
FNDA:12,(anonymous_2)
DA:0,1
DA:1,1
DA:12,1
DA:18,6
DA:20,6
DA:23,6
DA:27,6
DA:28,4
DA:29,12
DA:30,12
DA:35,6
LF:11
LH:11
BRDA:20,1,0,6
BRDA:20,1,1,0
BRDA:20,2,0,6
BRDA:20,2,1,6
BRDA:21,3,0,6
BRDA:21,3,1,0
BRDA:21,4,0,6
BRDA:21,4,1,6
BRDA:22,5,0,6
BRDA:22,5,1,0
BRDA:22,6,0,6
BRDA:22,6,1,6
BRDA:23,7,0,6
BRDA:23,7,1,0
BRDA:23,8,0,6
BRDA:23,8,1,6
BRDA:25,9,0,6
BRDA:25,9,1,0
BRDA:25,10,0,6
BRDA:25,10,1,6
BRDA:36,11,0,4
BRDA:36,11,1,2
BRDA:38,12,0,12
BRDA:38,12,1,0
BRF:24
BRH:18
end_of_record
TN:
SF:/Users/Toby/MICRO/create-graphql-server-authorization/src/__tests__/queryForRoles-test.js
FN:18,(anonymous_1)
FN:19,(anonymous_2)
FN:26,testFunction
FN:34,(anonymous_4)
FN:41,testFunction
FN:49,(anonymous_6)
FN:56,testFunction
FN:64,(anonymous_8)
FN:75,testFunction
FN:83,(anonymous_10)
FN:94,testFunction
FN:105,(anonymous_12)
FN:116,testFunction
FN:127,(anonymous_14)
FN:138,testFunction
FN:153,(anonymous_16)
FN:164,testFunction
FN:181,(anonymous_18)
FN:192,testFunction
FN:203,(anonymous_20)
FN:214,testFunction
FN:225,(anonymous_22)
FN:232,testFunction
FNF:23
FNH:23
FNDA:1,(anonymous_1)
FNDA:1,(anonymous_2)
FNDA:1,testFunction
FNDA:1,(anonymous_4)
FNDA:1,testFunction
FNDA:1,(anonymous_6)
FNDA:1,testFunction
FNDA:1,(anonymous_8)
FNDA:1,testFunction
FNDA:1,(anonymous_10)
FNDA:1,testFunction
FNDA:1,(anonymous_12)
FNDA:1,testFunction
FNDA:1,(anonymous_14)
FNDA:1,testFunction
FNDA:1,(anonymous_16)
FNDA:1,testFunction
FNDA:1,(anonymous_18)
FNDA:1,testFunction
FNDA:1,(anonymous_20)
FNDA:1,testFunction
FNDA:1,(anonymous_22)
FNDA:1,testFunction
DA:0,1
DA:2,1
DA:3,1
DA:4,1
DA:7,1
DA:10,1
DA:11,1
DA:12,1
DA:14,1
DA:15,1
DA:16,1
DA:17,1
DA:18,1
DA:19,1
DA:21,1
DA:22,1
DA:23,1
DA:30,0
DA:33,1
DA:36,1
DA:37,1
DA:38,1
DA:39,1
DA:40,1
DA:42,1
DA:43,1
DA:44,1
DA:51,0
DA:54,1
DA:57,1
DA:58,1
DA:59,1
DA:60,1
DA:61,1
DA:63,1
DA:64,1
DA:65,1
DA:72,0
DA:75,1
DA:78,1
DA:79,1
DA:80,1
DA:85,1
DA:86,1
DA:88,1
DA:89,1
DA:90,1
DA:97,0
DA:100,1
DA:103,1
DA:104,1
DA:105,1
DA:110,1
DA:111,1
DA:113,1
DA:114,1
DA:115,1
DA:122,1
DA:125,1
DA:127,1
DA:128,1
DA:131,1
DA:132,1
DA:133,1
DA:138,1
DA:139,1
DA:141,1
DA:142,1
DA:143,1
DA:150,1
DA:153,1
DA:155,1
DA:156,1
DA:159,1
DA:160,1
DA:161,1
DA:166,1
DA:167,1
DA:169,1
DA:170,1
DA:171,1
DA:178,1
DA:181,1
DA:189,1
DA:190,1
DA:193,1
DA:194,1
DA:195,1
DA:200,1
DA:201,1
DA:203,1
DA:204,1
DA:205,1
DA:212,1
DA:215,1
DA:226,1
DA:227,1
DA:230,1
DA:231,1
DA:232,1
DA:237,1
DA:238,1
DA:240,1
DA:241,1
DA:242,1
DA:249,1
DA:252,1
DA:254,1
DA:255,1
DA:258,1
DA:259,1
DA:260,1
DA:265,1
DA:266,1
DA:268,1
DA:269,1
DA:270,1
DA:277,1
DA:280,1
DA:282,1
DA:283,1
DA:286,1
DA:287,1
DA:288,1
DA:289,1
DA:290,1
DA:292,1
DA:293,1
DA:294,1
DA:301,1
DA:304,1
DA:306,1
DA:307,1
LF:133
LH:129
BRF:0
BRH:0
end_of_record
TN:
SF:/Users/Toby/MICRO/create-graphql-server-authorization/src/lib/queryForRoles.js
FN:16,_defineProperty
FN:35,queryForRoles
FN:66,(anonymous_3)
FNF:3
FNH:3
FNDA:3,_defineProperty
FNDA:11,queryForRoles
FNDA:3,(anonymous_3)
DA:0,3
DA:1,1
DA:2,1
DA:3,1
DA:4,1
DA:6,1
DA:23,1
DA:29,11
DA:31,11
DA:34,11
DA:36,5
DA:40,6
DA:42,6
DA:51,3
DA:54,3
DA:56,2
DA:61,2
DA:66,4
DA:67,4
LF:19
LH:19
BRDA:16,1,0,0
BRDA:16,1,1,3
BRDA:36,2,0,11
BRDA:36,2,1,0
BRDA:36,3,0,11
BRDA:36,3,1,11
BRDA:37,4,0,11
BRDA:37,4,1,0
BRDA:37,5,0,11
BRDA:37,5,1,11
BRDA:38,6,0,11
BRDA:38,6,1,0
BRDA:38,7,0,11
BRDA:38,7,1,11
BRDA:40,8,0,11
BRDA:40,8,1,0
BRDA:40,9,0,11
BRDA:40,9,1,11
BRDA:43,10,0,11
BRDA:43,10,1,0
BRDA:43,11,0,11
BRDA:43,11,1,11
BRDA:49,12,0,5
BRDA:49,12,1,6
BRDA:57,13,0,3
BRDA:57,13,1,3
BRDA:71,14,0,2
BRDA:71,14,1,1
BRDA:73,15,0,2
BRDA:73,15,1,0
BRF:30
BRH:24
end_of_record
TN:
SF:/Users/Toby/MICRO/create-graphql-server-authorization/src/__tests__/userRoleAuthorized-test.js
FN:17,(anonymous_1)
FN:18,(anonymous_2)
FN:24,(anonymous_3)
FN:33,(anonymous_4)
FN:46,(anonymous_5)
FN:59,(anonymous_6)
FN:72,(anonymous_7)
FNF:7
FNH:7
FNDA:1,(anonymous_1)
FNDA:1,(anonymous_2)
FNDA:1,(anonymous_3)
FNDA:1,(anonymous_4)
FNDA:1,(anonymous_5)
FNDA:1,(anonymous_6)
FNDA:1,(anonymous_7)
DA:2,1
DA:3,1
DA:4,1
DA:6,1
DA:9,1
DA:10,1
DA:11,1
DA:13,1
DA:14,1
DA:15,1
DA:17,1
DA:20,1
DA:21,1
DA:22,1
DA:24,1
DA:31,1
DA:34,1
DA:35,1
DA:40,1
DA:42,1
DA:49,1
DA:52,1
DA:53,1
DA:58,1
DA:60,1
DA:67,1
DA:70,1
DA:71,1
DA:76,1
DA:78,1
DA:85,1
DA:88,1
DA:89,1
DA:94,1
DA:96,1
DA:103,1
LF:36
LH:36
BRF:0
BRH:0
end_of_record
